[INFO] Scanning for projects...
[INFO] 
[INFO] ---------------< com.codementorai:codementor-ai-backend >---------------
[INFO] Building codementor-ai-backend 1.0.0
[INFO]   from pom.xml
[INFO] --------------------------------[ jar ]---------------------------------
[INFO] 
[INFO] >>> spring-boot:3.5.14:run (default-cli) > test-compile @ codementor-ai-backend >>>
[INFO] 
[INFO] --- resources:3.3.1:resources (default-resources) @ codementor-ai-backend ---
[INFO] Copying 1 resource from src\main\resources to target\classes
[INFO] Copying 1 resource from src\main\resources to target\classes
[INFO] 
[INFO] --- compiler:3.11.0:compile (default-compile) @ codementor-ai-backend ---
[INFO] Nothing to compile - all classes are up to date
[INFO] 
[INFO] --- resources:3.3.1:testResources (default-testResources) @ codementor-ai-backend ---
[INFO] skip non existing resourceDirectory D:\projects\codementor-ai-intelligent-coding-interview-platform\backend\src\test\resources
[INFO] 
[INFO] --- compiler:3.11.0:testCompile (default-testCompile) @ codementor-ai-backend ---
[INFO] No sources to compile
[INFO] 
[INFO] <<< spring-boot:3.5.14:run (default-cli) < test-compile @ codementor-ai-backend <<<
[INFO] 
[INFO] 
[INFO] --- spring-boot:3.5.14:run (default-cli) @ codementor-ai-backend ---
[INFO] Attaching agents: []

  .   ____          _            __ _ _
 /\\ / ___'_ __ _ _(_)_ __  __ _ \ \ \ \
( ( )\___ | '_ | '_| | '_ \/ _` | \ \ \ \
 \\/  ___)| |_)| | | | | || (_| |  ) ) ) )
  '  |____| .__|_| |_|_| |_\__, | / / / /
 =========|_|==============|___/=/_/_/_/

 :: Spring Boot ::               (v3.5.14)

2026-05-19T19:16:00.339+05:30  INFO 33440 --- [           main] c.codementorai.CodementorAiApplication   : Starting CodementorAiApplication using Java 17.0.16 with PID 33440 (D:\projects\codementor-ai-intelligent-coding-interview-platform\backend\target\classes started by amans in D:\projects\codementor-ai-intelligent-coding-interview-platform\backend)
2026-05-19T19:16:00.341+05:30  INFO 33440 --- [           main] c.codementorai.CodementorAiApplication   : The following 1 profile is active: "dev"
2026-05-19T19:16:00.842+05:30  INFO 33440 --- [           main] .s.d.r.c.RepositoryConfigurationDelegate : Bootstrapping Spring Data JPA repositories in DEFAULT mode.
2026-05-19T19:16:00.907+05:30  INFO 33440 --- [           main] .s.d.r.c.RepositoryConfigurationDelegate : Finished Spring Data repository scanning in 40 ms. Found 5 JPA repository interfaces.
2026-05-19T19:16:01.309+05:30  INFO 33440 --- [           main] o.s.b.w.embedded.tomcat.TomcatWebServer  : Tomcat initialized with port 8080 (http)
2026-05-19T19:16:01.318+05:30  INFO 33440 --- [           main] o.apache.catalina.core.StandardService   : Starting service [Tomcat]
2026-05-19T19:16:01.318+05:30  INFO 33440 --- [           main] o.apache.catalina.core.StandardEngine    : Starting Servlet engine: [Apache Tomcat/10.1.55]
2026-05-19T19:16:01.362+05:30  INFO 33440 --- [           main] o.a.c.c.C.[Tomcat].[localhost].[/]       : Initializing Spring embedded WebApplicationContext
2026-05-19T19:16:01.363+05:30  INFO 33440 --- [           main] w.s.c.ServletWebServerApplicationContext : Root WebApplicationContext: initialization completed in 998 ms
2026-05-19T19:16:01.451+05:30  INFO 33440 --- [           main] o.hibernate.jpa.internal.util.LogHelper  : HHH000204: Processing PersistenceUnitInfo [name: default]
2026-05-19T19:16:01.487+05:30  INFO 33440 --- [           main] org.hibernate.Version                    : HHH000412: Hibernate ORM core version 6.6.49.Final
2026-05-19T19:16:01.506+05:30  INFO 33440 --- [           main] o.h.c.internal.RegionFactoryInitiator    : HHH000026: Second-level cache disabled
2026-05-19T19:16:01.660+05:30  INFO 33440 --- [           main] o.s.o.j.p.SpringPersistenceUnitInfo      : No LoadTimeWeaver setup: ignoring JPA class transformer
2026-05-19T19:16:01.679+05:30  INFO 33440 --- [           main] com.zaxxer.hikari.HikariDataSource       : HikariPool-1 - Starting...
2026-05-19T19:16:01.778+05:30  INFO 33440 --- [           main] com.zaxxer.hikari.pool.HikariPool        : HikariPool-1 - Added connection com.mysql.cj.jdbc.ConnectionImpl@ff2266c
2026-05-19T19:16:01.779+05:30  INFO 33440 --- [           main] com.zaxxer.hikari.HikariDataSource       : HikariPool-1 - Start completed.
2026-05-19T19:16:01.807+05:30  WARN 33440 --- [           main] org.hibernate.orm.deprecation            : HHH90000025: MySQL8Dialect does not need to be specified explicitly using 'hibernate.dialect' (remove the property setting and it will be selected by default)
2026-05-19T19:16:01.808+05:30  WARN 33440 --- [           main] org.hibernate.orm.deprecation            : HHH90000026: MySQL8Dialect has been deprecated; use org.hibernate.dialect.MySQLDialect instead
2026-05-19T19:16:01.821+05:30  INFO 33440 --- [           main] org.hibernate.orm.connections.pooling    : HHH10001005: Database info:
	Database JDBC URL [Connecting through datasource 'HikariDataSource (HikariPool-1)']
	Database driver: undefined/unknown
	Database version: 8.0
	Autocommit mode: undefined/unknown
	Isolation level: undefined/unknown
	Minimum pool size: undefined/unknown
	Maximum pool size: undefined/unknown
2026-05-19T19:16:02.441+05:30  INFO 33440 --- [           main] o.h.e.t.j.p.i.JtaPlatformInitiator       : HHH000489: No JTA platform available (set 'hibernate.transaction.jta.platform' to enable JTA platform integration)
2026-05-19T19:16:02.514+05:30  INFO 33440 --- [           main] j.LocalContainerEntityManagerFactoryBean : Initialized JPA EntityManagerFactory for persistence unit 'default'
2026-05-19T19:16:02.789+05:30  INFO 33440 --- [           main] eAuthenticationProviderManagerConfigurer : Global AuthenticationManager configured with AuthenticationProvider bean with name authenticationProvider
2026-05-19T19:16:02.790+05:30  WARN 33440 --- [           main] r$InitializeUserDetailsManagerConfigurer : Global AuthenticationManager configured with an AuthenticationProvider bean. UserDetailsService beans will not be used by Spring Security for automatically configuring username/password login. Consider removing the AuthenticationProvider bean. Alternatively, consider using the UserDetailsService in a manually instantiated DaoAuthenticationProvider. If the current configuration is intentional, to turn off this warning, increase the logging level of 'org.springframework.security.config.annotation.authentication.configuration.InitializeUserDetailsBeanManagerConfigurer' to ERROR
2026-05-19T19:16:02.924+05:30  WARN 33440 --- [           main] JpaBaseConfiguration$JpaWebConfiguration : spring.jpa.open-in-view is enabled by default. Therefore, database queries may be performed during view rendering. Explicitly configure spring.jpa.open-in-view to disable this warning
2026-05-19T19:16:03.345+05:30  INFO 33440 --- [           main] o.s.b.w.embedded.tomcat.TomcatWebServer  : Tomcat started on port 8080 (http) with context path '/'
2026-05-19T19:16:03.369+05:30  INFO 33440 --- [           main] c.codementorai.CodementorAiApplication   : Started CodementorAiApplication in 3.312 seconds (process running for 3.52)
Hibernate: select count(*) from users u1_0
com.fasterxml.jackson.databind.JsonMappingException: Unexpected character ('"' (code 34)): was expecting comma to separate Array entries
 at [Source: REDACTED (`StreamReadFeature.INCLUDE_SOURCE_IN_LOCATION` disabled); line: 383, column: 40] (through reference chain: java.util.ArrayList[16]->com.codementorai.dto.QuestionDto["testCases"]->java.util.ArrayList[2])
	at com.fasterxml.jackson.databind.JsonMappingException.wrapWithPath(JsonMappingException.java:400)
	at com.fasterxml.jackson.databind.JsonMappingException.wrapWithPath(JsonMappingException.java:371)
	at com.fasterxml.jackson.databind.deser.std.StringCollectionDeserializer.deserialize(StringCollectionDeserializer.java:231)
	at com.fasterxml.jackson.databind.deser.std.StringCollectionDeserializer.deserialize(StringCollectionDeserializer.java:184)
	at com.fasterxml.jackson.databind.deser.std.StringCollectionDeserializer.deserialize(StringCollectionDeserializer.java:27)
	at com.fasterxml.jackson.databind.deser.impl.MethodProperty.deserializeAndSet(MethodProperty.java:129)
	at com.fasterxml.jackson.databind.deser.BeanDeserializer.vanillaDeserialize(BeanDeserializer.java:302)
	at com.fasterxml.jackson.databind.deser.BeanDeserializer.deserialize(BeanDeserializer.java:169)
	at com.fasterxml.jackson.databind.deser.std.CollectionDeserializer._deserializeNoNullChecks(CollectionDeserializer.java:545)
	at com.fasterxml.jackson.databind.deser.std.CollectionDeserializer._deserializeFromArray(CollectionDeserializer.java:358)
	at com.fasterxml.jackson.databind.deser.std.CollectionDeserializer.deserialize(CollectionDeserializer.java:245)
	at com.fasterxml.jackson.databind.deser.std.CollectionDeserializer.deserialize(CollectionDeserializer.java:29)
	at com.fasterxml.jackson.databind.deser.DefaultDeserializationContext.readRootValue(DefaultDeserializationContext.java:342)
	at com.fasterxml.jackson.databind.ObjectMapper._readMapAndClose(ObjectMapper.java:5052)
	at com.fasterxml.jackson.databind.ObjectMapper.readValue(ObjectMapper.java:3999)
	at com.codementorai.config.DataLoader.lambda$0(DataLoader.java:42)
	at org.springframework.boot.SpringApplication.lambda$callRunner$5(SpringApplication.java:788)
	at org.springframework.util.function.ThrowingConsumer$1.acceptWithException(ThrowingConsumer.java:82)
	at org.springframework.util.function.ThrowingConsumer.accept(ThrowingConsumer.java:60)
	at org.springframework.util.function.ThrowingConsumer$1.accept(ThrowingConsumer.java:86)
	at org.springframework.boot.SpringApplication.callRunner(SpringApplication.java:796)
	at org.springframework.boot.SpringApplication.callRunner(SpringApplication.java:787)
	at org.springframework.boot.SpringApplication.lambda$callRunners$3(SpringApplication.java:772)
	at java.base/java.util.stream.ForEachOps$ForEachOp$OfRef.accept(ForEachOps.java:183)
	at java.base/java.util.stream.SortedOps$SizedRefSortingSink.end(SortedOps.java:357)
	at java.base/java.util.stream.AbstractPipeline.copyInto(AbstractPipeline.java:510)
	at java.base/java.util.stream.AbstractPipeline.wrapAndCopyInto(AbstractPipeline.java:499)
	at java.base/java.util.stream.ForEachOps$ForEachOp.evaluateSequential(ForEachOps.java:150)
	at java.base/java.util.stream.ForEachOps$ForEachOp$OfRef.evaluateSequential(ForEachOps.java:173)
	at java.base/java.util.stream.AbstractPipeline.evaluate(AbstractPipeline.java:234)
	at java.base/java.util.stream.ReferencePipeline.forEach(ReferencePipeline.java:596)
	at org.springframework.boot.SpringApplication.callRunners(SpringApplication.java:772)
	at org.springframework.boot.SpringApplication.run(SpringApplication.java:325)
	at org.springframework.boot.SpringApplication.run(SpringApplication.java:1361)
	at org.springframework.boot.SpringApplication.run(SpringApplication.java:1350)
	at com.codementorai.CodementorAiApplication.main(CodementorAiApplication.java:9)
Caused by: com.fasterxml.jackson.core.JsonParseException: Unexpected character ('"' (code 34)): was expecting comma to separate Array entries
 at [Source: REDACTED (`StreamReadFeature.INCLUDE_SOURCE_IN_LOCATION` disabled); line: 383, column: 40]
	at com.fasterxml.jackson.core.JsonParser._constructReadException(JsonParser.java:2675)
	at com.fasterxml.jackson.core.base.ParserMinimalBase._reportUnexpectedChar(ParserMinimalBase.java:743)
	at com.fasterxml.jackson.core.json.UTF8StreamJsonParser.nextToken(UTF8StreamJsonParser.java:738)
	at com.fasterxml.jackson.core.json.UTF8StreamJsonParser.nextTextValue(UTF8StreamJsonParser.java:1304)
	at com.fasterxml.jackson.databind.deser.std.StringCollectionDeserializer.deserialize(StringCollectionDeserializer.java:203)
	... 33 more
2026-05-19T19:17:04.622+05:30  INFO 33440 --- [nio-8080-exec-1] o.a.c.c.C.[Tomcat].[localhost].[/]       : Initializing Spring DispatcherServlet 'dispatcherServlet'
2026-05-19T19:17:04.623+05:30  INFO 33440 --- [nio-8080-exec-1] o.s.web.servlet.DispatcherServlet        : Initializing Servlet 'dispatcherServlet'
2026-05-19T19:17:04.624+05:30  INFO 33440 --- [nio-8080-exec-1] o.s.web.servlet.DispatcherServlet        : Completed initialization in 1 ms
Hibernate: select q1_0.id,q1_0.acceptance,q1_0.category,q1_0.company_tags,q1_0.constraints,q1_0.contest_origin,q1_0.description,q1_0.difficulty,q1_0.dislikes,q1_0.frequency_level,q1_0.input_format,q1_0.likes,q1_0.output_format,q1_0.premium,q1_0.sample_input,q1_0.sample_output,q1_0.space_complexity,q1_0.starter_code_json,q1_0.tags,q1_0.test_cases_json,q1_0.time_complexity,q1_0.title from questions q1_0
Hibernate: select u1_0.id,u1_0.created_at,u1_0.email,u1_0.password,u1_0.username from users u1_0 where u1_0.username=?
Hibernate: select r1_0.user_id,r1_0.roles from user_roles r1_0 where r1_0.user_id=?
Hibernate: select u1_0.id,u1_0.created_at,u1_0.email,u1_0.password,u1_0.username from users u1_0 where u1_0.username=?
Hibernate: select u1_0.id,u1_0.created_at,u1_0.email,u1_0.password,u1_0.username from users u1_0 where u1_0.username=?
Hibernate: select r1_0.user_id,r1_0.roles from user_roles r1_0 where r1_0.user_id=?
Hibernate: select q1_0.id,q1_0.acceptance,q1_0.category,q1_0.company_tags,q1_0.constraints,q1_0.contest_origin,q1_0.description,q1_0.difficulty,q1_0.dislikes,q1_0.frequency_level,q1_0.input_format,q1_0.likes,q1_0.output_format,q1_0.premium,q1_0.sample_input,q1_0.sample_output,q1_0.space_complexity,q1_0.starter_code_json,q1_0.tags,q1_0.test_cases_json,q1_0.time_complexity,q1_0.title from questions q1_0
Hibernate: select q1_0.id,q1_0.acceptance,q1_0.category,q1_0.company_tags,q1_0.constraints,q1_0.contest_origin,q1_0.description,q1_0.difficulty,q1_0.dislikes,q1_0.frequency_level,q1_0.input_format,q1_0.likes,q1_0.output_format,q1_0.premium,q1_0.sample_input,q1_0.sample_output,q1_0.space_complexity,q1_0.starter_code_json,q1_0.tags,q1_0.test_cases_json,q1_0.time_complexity,q1_0.title from questions q1_0
[INFO] ------------------------------------------------------------------------
[INFO] BUILD FAILURE
[INFO] ------------------------------------------------------------------------
[INFO] Total time:  12:27 min
[INFO] Finished at: 2026-05-19T19:28:26+05:30
[INFO] ------------------------------------------------------------------------
[ERROR] Failed to execute goal org.springframework.boot:spring-boot-maven-plugin:3.5.14:run (default-cli) on project codementor-ai-backend: Process terminated with exit code: 1 -> [Help 1]
[ERROR] 
[ERROR] To see the full stack trace of the errors, re-run Maven with the -e switch.
[ERROR] Re-run Maven using the -X switch to enable full debug logging.
[ERROR] 
[ERROR] For more information about the errors and possible solutions, please read the following articles:
[ERROR] [Help 1] http://cwiki.apache.org/confluence/display/MAVEN/MojoExecutionException
